TN:
SF:/Users/masiyekapenda/debug-adventure/src/character.js
FN:2,Character
FN:10,(anonymous_1)
FN:16,(anonymous_2)
FN:22,(anonymous_3)
FN:28,(anonymous_4)
FNF:5
FNH:5
FNDA:23,Character
FNDA:2,(anonymous_1)
FNDA:2,(anonymous_2)
FNDA:2,(anonymous_3)
FNDA:1,(anonymous_4)
DA:3,23
DA:4,23
DA:5,23
DA:6,23
DA:9,3
DA:11,2
DA:12,2
DA:17,2
DA:18,2
DA:19,1
DA:23,2
DA:24,2
DA:25,1
DA:29,1
DA:33,3
LF:15
LH:15
BRDA:18,0,0,1
BRDA:18,0,1,1
BRDA:24,1,0,1
BRDA:24,1,1,1
BRF:4
BRH:4
end_of_record
TN:
SF:/Users/masiyekapenda/debug-adventure/src/enemy.js
FN:6,Enemy
FN:19,(anonymous_1)
FN:23,(anonymous_2)
FNF:3
FNH:3
FNDA:5,Enemy
FNDA:2,(anonymous_1)
FNDA:2,(anonymous_2)
DA:4,1
DA:7,5
DA:8,5
DA:11,1
DA:13,1
DA:19,1
DA:20,2
DA:23,1
DA:24,2
DA:25,2
DA:28,1
LF:11
LH:11
BRF:0
BRH:0
end_of_record
TN:
SF:/Users/masiyekapenda/debug-adventure/src/player.js
FN:4,Player
FN:17,(anonymous_1)
FN:21,(anonymous_2)
FN:25,(anonymous_3)
FNF:4
FNH:4
FNDA:6,Player
FNDA:3,(anonymous_1)
FNDA:3,(anonymous_2)
FNDA:3,(anonymous_3)
DA:2,1
DA:5,6
DA:6,6
DA:9,1
DA:11,1
DA:17,1
DA:18,3
DA:21,1
DA:22,3
DA:25,1
DA:26,3
DA:27,3
DA:30,1
LF:13
LH:13
BRF:0
BRH:0
end_of_record
TN:
SF:/Users/masiyekapenda/debug-adventure/src/weapon.js
FN:1,Weapon
FNF:1
FNH:1
FNDA:4,Weapon
DA:2,4
DA:3,4
DA:4,4
DA:7,1
LF:4
LH:4
BRF:0
BRH:0
end_of_record
